0 info it worked if it ends with ok
1 verbose cli [ '/Users/zloylos/.nvm/versions/node/v5.1.0/bin/node',
1 verbose cli   '/Users/zloylos/.nvm/versions/node/v5.1.0/bin/npm',
1 verbose cli   'publish' ]
2 info using npm@3.4.1
3 info using node@v5.1.0
4 verbose publish [ '.' ]
5 verbose stack Error: Failed to parse json
5 verbose stack Unexpected token ',' at 7:8
5 verbose stack   "bin", {
5 verbose stack        ^
5 verbose stack     at parseError (/Users/zloylos/.nvm/versions/node/v5.1.0/lib/node_modules/npm/node_modules/read-package-json/read-json.js:379:11)
5 verbose stack     at parseJson (/Users/zloylos/.nvm/versions/node/v5.1.0/lib/node_modules/npm/node_modules/read-package-json/read-json.js:68:23)
5 verbose stack     at /Users/zloylos/.nvm/versions/node/v5.1.0/lib/node_modules/npm/node_modules/read-package-json/read-json.js:48:5
5 verbose stack     at /Users/zloylos/.nvm/versions/node/v5.1.0/lib/node_modules/npm/node_modules/graceful-fs/graceful-fs.js:76:16
5 verbose stack     at tryToString (fs.js:414:3)
5 verbose stack     at FSReqWrap.readFileAfterClose [as oncomplete] (fs.js:401:12)
6 verbose cwd /Users/zloylos/Code/shower/shower-mirror-server
7 error Darwin 15.0.0
8 error argv "/Users/zloylos/.nvm/versions/node/v5.1.0/bin/node" "/Users/zloylos/.nvm/versions/node/v5.1.0/bin/npm" "publish"
9 error node v5.1.0
10 error npm  v3.4.1
11 error file /Users/zloylos/Code/shower/shower-mirror-server/package.json
12 error code EJSONPARSE
13 error Failed to parse json
13 error Unexpected token ',' at 7:8
13 error   "bin", {
13 error        ^
14 error File: /Users/zloylos/Code/shower/shower-mirror-server/package.json
15 error Failed to parse package.json data.
15 error package.json must be actual JSON, not just JavaScript.
15 error
15 error This is not a bug in npm.
15 error Tell the package author to fix their package.json file. JSON.parse
16 verbose exit [ 1, true ]
